E:\C代码\北郊暑期班\20190805\20190805\DEBUG\TEST.OBJ
E:\C代码\北郊暑期班\20190805\20190805\DEBUG\VC110.PDB
E:\C代码\北郊暑期班\20190805\DEBUG\20190805.ILK
E:\C代码\北郊暑期班\20190805\DEBUG\20190805.EXE
E:\C代码\北郊暑期班\20190805\DEBUG\20190805.PDB
E:\C代码\北郊暑期班\20190805\20190805\Debug\test.obj
E:\C代码\北郊暑期班\20190805\20190805\Debug\cl.command.1.tlog
E:\C代码\北郊暑期班\20190805\20190805\Debug\CL.read.1.tlog
E:\C代码\北郊暑期班\20190805\20190805\Debug\CL.write.1.tlog
E:\C代码\北郊暑期班\20190805\20190805\Debug\link-cvtres.read.1.tlog
E:\C代码\北郊暑期班\20190805\20190805\Debug\link-cvtres.write.1.tlog
E:\C代码\北郊暑期班\20190805\20190805\Debug\link-rc.read.1.tlog
E:\C代码\北郊暑期班\20190805\20190805\Debug\link-rc.write.1.tlog
E:\C代码\北郊暑期班\20190805\20190805\Debug\link.command.1.tlog
E:\C代码\北郊暑期班\20190805\20190805\Debug\link.read.1.tlog
E:\C代码\北郊暑期班\20190805\20190805\Debug\link.write.1.tlog
E:\C代码\北郊暑期班\20190805\20190805\Debug\vc110.idb
E:\C代码\北郊暑期班\20190805\20190805\Debug\vc110.pdb
E:\C代码\北郊暑期班\20190805\Debug\20190805.pdb
E:\C代码\北郊暑期班\20190805\Debug\20190805.exe
E:\C代码\北郊暑期班\20190805\Debug\20190805.ilk
