E:\C代码\北郊暑期班\20190809\20190809\DEBUG\TEST.OBJ
E:\C代码\北郊暑期班\20190809\20190809\DEBUG\VC110.PDB
E:\C代码\北郊暑期班\20190809\DEBUG\20190809.ILK
E:\C代码\北郊暑期班\20190809\DEBUG\20190809.EXE
E:\C代码\北郊暑期班\20190809\DEBUG\20190809.PDB
E:\C代码\北郊暑期班\20190809\20190809\Debug\test.obj
E:\C代码\北郊暑期班\20190809\20190809\Debug\cl.command.1.tlog
E:\C代码\北郊暑期班\20190809\20190809\Debug\CL.read.1.tlog
E:\C代码\北郊暑期班\20190809\20190809\Debug\CL.write.1.tlog
E:\C代码\北郊暑期班\20190809\20190809\Debug\link-cvtres.read.1.tlog
E:\C代码\北郊暑期班\20190809\20190809\Debug\link-cvtres.write.1.tlog
E:\C代码\北郊暑期班\20190809\20190809\Debug\link-rc.read.1.tlog
E:\C代码\北郊暑期班\20190809\20190809\Debug\link-rc.write.1.tlog
E:\C代码\北郊暑期班\20190809\20190809\Debug\link.command.1.tlog
E:\C代码\北郊暑期班\20190809\20190809\Debug\link.read.1.tlog
E:\C代码\北郊暑期班\20190809\20190809\Debug\link.write.1.tlog
E:\C代码\北郊暑期班\20190809\20190809\Debug\vc110.idb
E:\C代码\北郊暑期班\20190809\20190809\Debug\vc110.pdb
E:\C代码\北郊暑期班\20190809\Debug\20190809.pdb
E:\C代码\北郊暑期班\20190809\Debug\20190809.exe
E:\C代码\北郊暑期班\20190809\Debug\20190809.ilk
