E:\C代码\北郊暑期班\20190801\20190801\DEBUG\VC110.PDB
E:\C代码\北郊暑期班\20190801\20190801\DEBUG\TEST.OBJ
E:\C代码\北郊暑期班\20190801\DEBUG\20190801.ILK
E:\C代码\北郊暑期班\20190801\DEBUG\20190801.EXE
E:\C代码\北郊暑期班\20190801\DEBUG\20190801.PDB
E:\C代码\北郊暑期班\20190801\20190801\Debug\test.obj
E:\C代码\北郊暑期班\20190801\20190801\Debug\cl.command.1.tlog
E:\C代码\北郊暑期班\20190801\20190801\Debug\CL.read.1.tlog
E:\C代码\北郊暑期班\20190801\20190801\Debug\CL.write.1.tlog
E:\C代码\北郊暑期班\20190801\20190801\Debug\link-cvtres.read.1.tlog
E:\C代码\北郊暑期班\20190801\20190801\Debug\link-cvtres.write.1.tlog
E:\C代码\北郊暑期班\20190801\20190801\Debug\link-rc.read.1.tlog
E:\C代码\北郊暑期班\20190801\20190801\Debug\link-rc.write.1.tlog
E:\C代码\北郊暑期班\20190801\20190801\Debug\link.10396-cvtres.read.1.tlog
E:\C代码\北郊暑期班\20190801\20190801\Debug\link.10396-cvtres.write.1.tlog
E:\C代码\北郊暑期班\20190801\20190801\Debug\link.10396-rc.read.1.tlog
E:\C代码\北郊暑期班\20190801\20190801\Debug\link.10396-rc.write.1.tlog
E:\C代码\北郊暑期班\20190801\20190801\Debug\link.10396.read.1.tlog
E:\C代码\北郊暑期班\20190801\20190801\Debug\link.10396.write.1.tlog
E:\C代码\北郊暑期班\20190801\20190801\Debug\link.command.1.tlog
E:\C代码\北郊暑期班\20190801\20190801\Debug\link.read.1.tlog
E:\C代码\北郊暑期班\20190801\20190801\Debug\link.write.1.tlog
E:\C代码\北郊暑期班\20190801\20190801\Debug\vc110.idb
E:\C代码\北郊暑期班\20190801\20190801\Debug\vc110.pdb
E:\C代码\北郊暑期班\20190801\Debug\20190801.pdb
E:\C代码\北郊暑期班\20190801\Debug\20190801.exe
E:\C代码\北郊暑期班\20190801\Debug\20190801.ilk
